TN:
SF:/home/lorenzo/Scrivania/IS/quality/auth.c
FN:10,13,trim_nl
FN:111,136,commit_temp_file
FN:138,169,process_db_line
FN:15,24,ct_str_eq
FN:171,204,rewrite_db_skip_or_replace
FN:206,210,auth_delete
FN:212,216,auth_change_password
FN:218,232,auth_rename_user
FN:26,45,find_user
FN:47,56,auth_init
FN:58,78,auth_add
FN:80,94,constant_time_compare
FN:97,109,auth_check
FNDA:199,trim_nl
FNDA:5,commit_temp_file
FNDA:62,process_db_line
FNDA:137,ct_str_eq
FNDA:9,rewrite_db_skip_or_replace
FNDA:6,auth_delete
FNDA:2,auth_change_password
FNDA:1,auth_rename_user
FNDA:21,find_user
FNDA:3,auth_init
FNDA:14,auth_add
FNDA:5,constant_time_compare
FNDA:6,auth_check
FNF:13
FNH:13
DA:10,199
DA:11,199
DA:12,398
DA:13,199
DA:15,137
DA:16,137
DA:17,137
DA:18,1071
DA:19,934
DA:20,934
DA:21,934
DA:23,137
DA:26,21
DA:28,21
DA:29,146
DA:30,137
DA:31,137
DA:32,137
DA:33,137
DA:34,137
DA:35,137
DA:36,137
DA:37,12
DA:38,5
DA:39,5
DA:41,12
DA:44,9
DA:47,3
DA:48,3
DA:49,3
DA:50,3
DA:52,3
DA:53,3
DA:54,3
DA:55,3
DA:58,14
DA:59,14
DA:60,14
DA:61,14
DA:62,0
DA:64,14
DA:65,14
DA:66,0
DA:67,0
DA:69,14
DA:70,7
DA:71,7
DA:72,7
DA:74,7
DA:75,7
DA:76,7
DA:77,7
DA:80,5
DA:81,5
DA:82,5
DA:83,5
DA:84,5
DA:87,54
DA:88,49
DA:89,49
DA:90,49
DA:93,5
DA:97,6
DA:98,6
DA:99,6
DA:100,6
DA:102,6
DA:104,6
DA:105,5
DA:107,6
DA:108,6
DA:111,5
DA:112,5
DA:113,5
DA:114,5
DA:117,0
DA:118,0
DA:119,0
DA:120,0
DA:121,0
DA:122,0
DA:123,0
DA:128,0
DA:129,0
DA:132,0
DA:133,0
DA:134,0
DA:135,0
DA:138,62
DA:142,62
DA:143,62
DA:144,62
DA:146,62
DA:147,62
DA:148,57
DA:151,62
DA:152,62
DA:153,62
DA:155,62
DA:156,57
DA:157,57
DA:160,5
DA:162,5
DA:163,2
DA:164,2
DA:165,2
DA:168,5
DA:171,9
DA:174,9
DA:175,9
DA:178,9
DA:180,9
DA:181,9
DA:182,0
DA:183,0
DA:187,9
DA:190,71
DA:191,62
DA:194,9
DA:195,9
DA:197,9
DA:198,4
DA:199,4
DA:200,4
DA:203,5
DA:206,6
DA:207,6
DA:208,6
DA:209,6
DA:212,2
DA:213,2
DA:214,2
DA:215,2
DA:218,1
DA:219,1
DA:221,1
DA:222,1
DA:223,1
DA:224,0
DA:225,0
DA:226,0
DA:228,1
DA:230,1
DA:231,1
LF:144
LH:123
end_of_record
TN:
SF:/home/lorenzo/Scrivania/IS/quality/main.c
FN:103,117,esegui_cambio_password
FN:119,147,esegui_rinomina_utente
FN:13,22,read_line
FN:149,165,esegui_debug_extra
FN:167,186,modifica_utente
FN:188,197,funzione_lunga
FN:200,211,demo_ub
FN:214,214,f_side
FN:215,215,g_side
FN:218,223,demo_unspecified
FN:226,241,demo_comment_mix
FN:243,248,menu_choice
FN:25,43,crea_utente
FN:250,262,print_menu
FN:264,278,select_operation
FN:281,305,main
FN:46,54,effettua_login
FN:57,71,cancella_utente
FN:74,101,valida_password
FNDA:2,esegui_cambio_password
FNDA:1,esegui_rinomina_utente
FNDA:13,read_line
FNDA:0,esegui_debug_extra
FNDA:4,modifica_utente
FNDA:1,funzione_lunga
FNDA:0,demo_ub
FNDA:0,f_side
FNDA:0,g_side
FNDA:0,demo_unspecified
FNDA:0,demo_comment_mix
FNDA:10,menu_choice
FNDA:2,crea_utente
FNDA:10,print_menu
FNDA:10,select_operation
FNDA:1,main
FNDA:1,effettua_login
FNDA:1,cancella_utente
FNDA:2,valida_password
FNF:19
FNH:13
DA:13,13
DA:14,13
DA:15,13
DA:16,13
DA:17,13
DA:18,26
DA:20,0
DA:22,13
DA:25,2
DA:27,2
DA:29,2
DA:30,2
DA:31,2
DA:34,2
DA:35,2
DA:38,2
DA:39,2
DA:41,0
DA:43,2
DA:46,1
DA:48,1
DA:49,1
DA:50,1
DA:51,1
DA:52,0
DA:53,0
DA:54,1
DA:57,1
DA:59,1
DA:61,1
DA:62,1
DA:63,1
DA:64,1
DA:65,1
DA:67,0
DA:70,0
DA:74,2
DA:75,2
DA:76,2
DA:77,1
DA:78,1
DA:80,1
DA:81,0
DA:82,0
DA:85,1
DA:86,9
DA:87,8
DA:88,0
DA:89,0
DA:91,8
DA:92,8
DA:93,8
DA:96,1
DA:97,0
DA:98,0
DA:100,1
DA:103,2
DA:105,2
DA:106,2
DA:108,2
DA:110,1
DA:112,1
DA:113,1
DA:115,0
DA:119,1
DA:121,1
DA:122,1
DA:124,1
DA:125,0
DA:126,0
DA:128,1
DA:129,0
DA:130,0
DA:132,1
DA:133,0
DA:134,0
DA:137,1
DA:138,1
DA:139,1
DA:140,1
DA:142,1
DA:143,1
DA:145,0
DA:149,0
DA:151,0
DA:152,0
DA:153,0
DA:154,0
DA:156,0
DA:158,0
DA:159,0
DA:160,0
DA:161,0
DA:163,0
DA:167,4
DA:168,4
DA:169,4
DA:171,4
DA:172,4
DA:173,0
DA:174,0
DA:175,0
DA:177,4
DA:179,4
DA:180,2
DA:181,1
DA:182,0
DA:183,0
DA:184,1
DA:188,1
DA:189,1
DA:190,1
DA:191,1
DA:192,1
DA:193,1
DA:194,1
DA:195,1
DA:196,1
DA:197,1
DA:200,0
DA:201,0
DA:202,0
DA:203,0
DA:204,0
DA:205,0
DA:206,0
DA:207,0
DA:208,0
DA:209,0
DA:210,0
DA:211,0
DA:214,0
DA:215,0
DA:218,0
DA:219,0
DA:220,0
DA:221,0
DA:222,0
DA:223,0
DA:226,0
DA:227,0
DA:228,0
DA:230,0
DA:240,0
DA:241,0
DA:243,10
DA:244,10
DA:245,10
DA:246,10
DA:247,10
DA:250,10
DA:251,10
DA:252,10
DA:253,10
DA:254,10
DA:255,10
DA:256,10
DA:257,10
DA:258,10
DA:259,10
DA:260,10
DA:261,10
DA:262,10
DA:264,10
DA:265,10
DA:266,2
DA:267,1
DA:268,1
DA:269,4
DA:270,1
DA:271,0
DA:272,0
DA:273,0
DA:274,1
DA:275,0
DA:277,9
DA:281,1
DA:284,1
DA:285,1
DA:286,1
DA:288,1
DA:289,0
DA:290,0
DA:293,9
DA:294,10
DA:295,10
DA:296,10
DA:297,0
DA:300,10
DA:301,10
DA:302,1
LF:191
LH:122
end_of_record
