        -:    0:Source:main.c
        -:    0:Graph:app-main.gcno
        -:    0:Data:app-main.gcda
        -:    0:Runs:1
        -:    1:#include <stdio.h>
        -:    2:#include <string.h>
        -:    3:#include <stdlib.h>
        -:    4:#include <limits.h>
        -:    5:#include <ctype.h>
        -:    6:#include <stdint.h>
        -:    7:
        -:    8:#include "config.h"
        -:    9:#include "auth.h"
        -:   10:#include "app.h"
        -:   11:
        -:   12:/* --- Utility input --- */
function read_line called 13 returned 100% blocks executed 91%
       13:   13:void read_line(const int8_t *prompt, int8_t *buf, size_t n){
       13:   14:    printf("%s", prompt);
call    0 returned 100%
       13:   15:    fflush(stdout);
call    0 returned 100%
       13:   16:    if(fgets(buf, (int)n, stdin)){
call    0 returned 100%
branch  1 taken 100% (fallthrough)
branch  2 taken 0%
       13:   17:        size_t L = strlen(buf);
       26:   18:        while(L && (buf[L-1]=='\n' || buf[L-1]=='\r')) buf[--L]='\0';
branch  0 taken 100% (fallthrough)
branch  1 taken 0%
branch  2 taken 50%
branch  3 taken 50% (fallthrough)
branch  4 taken 0%
branch  5 taken 100%
        -:   19:    } else {
    #####:   20:        buf[0]='\0';
        -:   21:    }
       13:   22:}
        -:   23:
        -:   24:/* --- crea_utente con variabili inutilizzate + duplicazioni --- */
function crea_utente called 2 returned 100% blocks executed 86%
        2:   25:void crea_utente(void){
        -:   26:    /* variabili inutilizzate */
        2:   27:    int counter = 0;
        -:   28:    char buffer[100];
        2:   29:    double pi = 3.14159;
        2:   30:    float f = 1.23f;
        2:   31:    void *ptr = NULL;
        -:   32:
        -:   33:    char u[AUTH_MAX_USER+1], p[AUTH_MAX_PASS+1];
        2:   34:    read_line("Nuovo username: ", u, sizeof u);
call    0 returned 100%
        2:   35:    read_line("Nuova password: ", p, sizeof p);
call    0 returned 100%
        -:   36:
        -:   37:    /* duplicazione intenzionale */
        2:   38:    if(auth_add(u,p)==0){
call    0 returned 100%
branch  1 taken 100% (fallthrough)
branch  2 taken 0%
        2:   39:        puts("[OK] Utente creato.");
call    0 returned 100%
        -:   40:    } else {
    #####:   41:        puts("[ERRORE] Utente già esistente o input non valido.");
call    0 never executed
        -:   42:    }
        2:   43:}
        -:   44:
        -:   45:/* --- effettua_login con 20 righe irraggiungibili --- */
function effettua_login called 1 returned 100% blocks executed 67%
        1:   46:void effettua_login(void){
        -:   47:    char u[AUTH_MAX_USER+1], p[AUTH_MAX_PASS+1];
        1:   48:    read_line("Username: ", u, sizeof u);
call    0 returned 100%
        1:   49:    read_line("Password: ", p, sizeof p);
call    0 returned 100%
        1:   50:    int r = auth_check(u,p);
call    0 returned 100%
        1:   51:    if(r==1) puts("[SUCCESSO] Login corretto.");
branch  0 taken 100% (fallthrough)
branch  1 taken 0%
call    2 returned 100%
    #####:   52:    else if(r==0) puts("[ERRORE] Credenziali errate.");
branch  0 never executed (fallthrough)
branch  1 never executed
call    2 never executed
    #####:   53:    else puts("[ERRORE] Impossibile leggere il database.");
call    0 never executed
        1:   54:}
        -:   55:
        -:   56:/* --- cancella_utente con magic numbers --- */
function cancella_utente called 1 returned 100% blocks executed 67%
        1:   57:void cancella_utente(void){
        -:   58:    char u[AUTH_MAX_USER+1];
        1:   59:    read_line("Username da cancellare: ", u, sizeof u);
call    0 returned 100%
        -:   60:
        1:   61:    int tentativi = 3;  /* magic number */
       1*:   62:    for(int i = 0; i < tentativi; i++){
branch  0 taken 100%
branch  1 taken 0% (fallthrough)
        1:   63:        if(auth_delete(u)==0){
call    0 returned 100%
branch  1 taken 100% (fallthrough)
branch  2 taken 0%
        1:   64:            puts("[OK] Utente cancellato.");
call    0 returned 100%
        1:   65:            return;
        -:   66:        } else {
    #####:   67:            puts("[ERRORE] Utente non trovato o IO fallita.");
call    0 never executed
        -:   68:        }
        -:   69:    }
    #####:   70:    printf("Operazione terminata con codice interno %d\n", 42); /* magic number */
call    0 never executed
        -:   71:}
        -:   72:
        -:   73:
function valida_password called 2 returned 100% blocks executed 68%
        2:   74:int valida_password(const char *p) {
        2:   75:  size_t len = strlen(p);
        2:   76:  if (len < 6) {
branch  0 taken 50% (fallthrough)
branch  1 taken 50%
        1:   77:    puts("[ERRORE] Password troppo corta (min 6 caratteri).");
call    0 returned 100%
        1:   78:    return 0;
        -:   79:  }
        1:   80:  if (len > 64) {
branch  0 taken 0% (fallthrough)
branch  1 taken 100%
    #####:   81:    puts("[ERRORE] Password troppo lunga (max 64).");
call    0 never executed
    #####:   82:    return 0;
        -:   83:  }
        -:   84:
        1:   85:  int has_upper = 0, has_lower = 0, has_digit = 0;
        9:   86:  for (size_t i = 0; p[i]; ++i) {
branch  0 taken 89%
branch  1 taken 11% (fallthrough)
        8:   87:    if (isspace((unsigned char)p[i])) {
branch  0 taken 0% (fallthrough)
branch  1 taken 100%
    #####:   88:      puts("[ERRORE] La password non può contenere spazi.");
call    0 never executed
    #####:   89:      return 0;
        -:   90:    }
        8:   91:    if (isupper((unsigned char)p[i])) has_upper = 1;
branch  0 taken 25% (fallthrough)
branch  1 taken 75%
       8*:   92:    if (islower((unsigned char)p[i])) has_lower = 1;
branch  0 taken 0% (fallthrough)
branch  1 taken 100%
        8:   93:    if (isdigit((unsigned char)p[i])) has_digit = 1;
branch  0 taken 75% (fallthrough)
branch  1 taken 25%
        -:   94:  }
        -:   95:
       1*:   96:  if (!has_digit || (!has_upper && !has_lower)) {
branch  0 taken 100% (fallthrough)
branch  1 taken 0%
branch  2 taken 0% (fallthrough)
branch  3 taken 100%
branch  4 never executed (fallthrough)
branch  5 never executed
    #####:   97:    puts("[ERRORE] La password deve contenere almeno una lettera e un numero.");
call    0 never executed
    #####:   98:    return 0;
        -:   99:  }
        1:  100:  return 1;
        -:  101:}
        -:  102:
function esegui_cambio_password called 2 returned 100% blocks executed 86%
        2:  103:void esegui_cambio_password() {
        -:  104:  char u[AUTH_MAX_USER + 1], np[AUTH_MAX_PASS + 1];
        2:  105:  read_line("Username: ", u, sizeof u);
call    0 returned 100%
        2:  106:  read_line("Nuova password: ", np, sizeof np);
call    0 returned 100%
        -:  107:
        2:  108:  if (!valida_password(np)) return;
call    0 returned 100%
branch  1 taken 50% (fallthrough)
branch  2 taken 50%
        -:  109:
       1*:  110:  if (strlen(np) > 32) puts("(warning) password lunga: procedo comunque");
branch  0 taken 0% (fallthrough)
branch  1 taken 100%
call    2 never executed
        -:  111:
        1:  112:  if (auth_change_password(u, np) == 0) {
call    0 returned 100%
branch  1 taken 100% (fallthrough)
branch  2 taken 0%
        1:  113:    puts("[OK] Password aggiornata.");
call    0 returned 100%
        -:  114:  } else {
    #####:  115:    puts("[ERRORE] Utente non trovato o errore I/O.");
call    0 never executed
        -:  116:  }
        -:  117:}
        -:  118:
function esegui_rinomina_utente called 1 returned 100% blocks executed 58%
        1:  119:void esegui_rinomina_utente() {
        -:  120:  char ou[AUTH_MAX_USER + 1], nu[AUTH_MAX_USER + 1];
        1:  121:  read_line("Username attuale: ", ou, sizeof ou);
call    0 returned 100%
        1:  122:  read_line("Nuovo username: ", nu, sizeof nu);
call    0 returned 100%
        -:  123:
        1:  124:  if (strlen(nu) == 0) {
branch  0 taken 0% (fallthrough)
branch  1 taken 100%
    #####:  125:    puts("[ERRORE] Nuovo username vuoto.");
call    0 never executed
    #####:  126:    return;
        -:  127:  }
        1:  128:  if (strcmp(ou, nu) == 0) {
branch  0 taken 0% (fallthrough)
branch  1 taken 100%
    #####:  129:    puts("[ERRORE] Il nuovo username è identico al precedente.");
call    0 never executed
    #####:  130:    return;
        -:  131:  }
        1:  132:  if (strchr(nu, ':')) {
branch  0 taken 0% (fallthrough)
branch  1 taken 100%
    #####:  133:    puts("[ERRORE] Carattere ':' non permesso.");
call    0 never executed
    #####:  134:    return;
        -:  135:  }
        -:  136:
        1:  137:  char c = (unsigned char)nu[0];
       1*:  138:  if (isdigit(c)) puts("Info: username inizia con cifra");
branch  0 taken 0% (fallthrough)
branch  1 taken 100%
call    2 never executed
       1*:  139:  else if (tolower(c) >= 'a' && tolower(c) <= 'c') printf("Info: username inizia per %c\n", c);
branch  0 taken 100% (fallthrough)
branch  1 taken 0%
branch  2 taken 0% (fallthrough)
branch  3 taken 100%
call    4 never executed
        1:  140:  else puts("Info: username con iniziale generica");
call    0 returned 100%
        -:  141:
        1:  142:  if (auth_rename_user(ou, nu) == 0) {
call    0 returned 100%
branch  1 taken 100% (fallthrough)
branch  2 taken 0%
        1:  143:    puts("[OK] Username aggiornato.");
call    0 returned 100%
        -:  144:  } else {
    #####:  145:    puts("[ERRORE] Utente non trovato o nuovo username già in uso.");
call    0 never executed
        -:  146:  }
        -:  147:}
        -:  148:
function esegui_debug_extra called 0 returned 0% blocks executed 0%
    #####:  149:void esegui_debug_extra() {
        -:  150:  int d;
    #####:  151:  printf("Debug: 1) Test A, 2) Test B, 3) Test C, 4) Stress\nScelta: ");
call    0 never executed
    #####:  152:  if (scanf("%d", &d) != 1) {
call    0 never executed
branch  1 never executed (fallthrough)
branch  2 never executed
    #####:  153:    while (getchar() != '\n');
call    0 never executed
branch  1 never executed (fallthrough)
branch  2 never executed
    #####:  154:    return;
        -:  155:  }
    #####:  156:  while (getchar() != '\n');
call    0 never executed
branch  1 never executed (fallthrough)
branch  2 never executed
        -:  157:
    #####:  158:  if (d >= 1 && d <= 3) {
branch  0 never executed (fallthrough)
branch  1 never executed
branch  2 never executed (fallthrough)
branch  3 never executed
    #####:  159:    printf("Esecuzione ramo %c\n", 'A' + d - 1);
call    0 never executed
    #####:  160:  } else if (d == 4) {
branch  0 never executed (fallthrough)
branch  1 never executed
    #####:  161:    puts("Esecuzione stress test (logica semplificata)");
call    0 never executed
        -:  162:  } else {
    #####:  163:    puts("Ramo di default debug");
call    0 never executed
        -:  164:  }
        -:  165:}
        -:  166:
function modifica_utente called 4 returned 100% blocks executed 59%
        4:  167:void modifica_utente(void) {
        4:  168:  puts("\n1) Cambia password   2) Rinomina utente   3) Debug extra   4) Operazione composita");
call    0 returned 100%
        4:  169:  printf("Scelta: ");
call    0 returned 100%
        -:  170:  
        4:  171:  int s = 0;
        4:  172:  if (scanf("%d", &s) != 1) {
call    0 returned 100%
branch  1 taken 0% (fallthrough)
branch  2 taken 100%
    #####:  173:    while (getchar() != '\n');
call    0 never executed
branch  1 never executed (fallthrough)
branch  2 never executed
    #####:  174:    puts("Input non valido.");
call    0 never executed
    #####:  175:    return;
        -:  176:  }
        4:  177:  while (getchar() != '\n');
call    0 returned 100%
branch  1 taken 0% (fallthrough)
branch  2 taken 100%
        -:  178:
        4:  179:  switch (s) {
branch  0 taken 50%
branch  1 taken 25%
branch  2 taken 0%
branch  3 taken 0%
branch  4 taken 25%
        2:  180:    case 1: esegui_cambio_password(); break;
call    0 returned 100%
        1:  181:    case 2: esegui_rinomina_utente(); break;
call    0 returned 100%
    #####:  182:    case 3: esegui_debug_extra();     break;
call    0 never executed
    #####:  183:    case 4: puts("Esecuzione operazione composita."); break;
call    0 never executed
        1:  184:    default: puts("Scelta non valida."); break;
call    0 returned 100%
        -:  185:  }
        -:  186:}
        -:  187:
function funzione_lunga called 1 returned 100% blocks executed 100%
        1:  188:void funzione_lunga(void) {
        1:  189:    puts("Demo di funzione troppo lunga:");
call    0 returned 100%
        1:  190:    printf("Parte 1...\n"); printf("Parte 2...\n"); printf("Parte 3...\n"); printf("Parte 4...\n"); printf("Parte 5...\n");
call    0 returned 100%
call    1 returned 100%
call    2 returned 100%
call    3 returned 100%
call    4 returned 100%
        1:  191:    printf("Parte 6...\n"); printf("Parte 7...\n"); printf("Parte 8...\n"); printf("Parte 9...\n"); printf("Parte 10...\n");
call    0 returned 100%
call    1 returned 100%
call    2 returned 100%
call    3 returned 100%
call    4 returned 100%
        1:  192:    printf("Parte 11...\n"); printf("Parte 12...\n"); printf("Parte 13...\n"); printf("Parte 14...\n"); printf("Parte 15...\n");
call    0 returned 100%
call    1 returned 100%
call    2 returned 100%
call    3 returned 100%
call    4 returned 100%
        1:  193:    printf("Parte 16...\n"); printf("Parte 17...\n"); printf("Parte 18...\n"); printf("Parte 19...\n"); printf("Parte 20...\n");
call    0 returned 100%
call    1 returned 100%
call    2 returned 100%
call    3 returned 100%
call    4 returned 100%
        1:  194:    printf("Parte 21...\n"); printf("Parte 22...\n"); printf("Parte 23...\n"); printf("Parte 24...\n"); printf("Parte 25...\n");
call    0 returned 100%
call    1 returned 100%
call    2 returned 100%
call    3 returned 100%
call    4 returned 100%
        1:  195:    printf("Parte 26...\n"); printf("Parte 27...\n"); printf("Parte 28...\n"); printf("Parte 29...\n"); printf("Parte 30...\n");
call    0 returned 100%
call    1 returned 100%
call    2 returned 100%
call    3 returned 100%
call    4 returned 100%
        1:  196:    printf("...funzione lunga senza modularità!\n"); 
call    0 returned 100%
        1:  197:}
        -:  198:
        -:  199:/* --- Undefined Behavior demo --- */
function demo_ub called 0 returned 0% blocks executed 0%
    #####:  200:void demo_ub(void){
    #####:  201:    puts("\n[UB] Esempi di undefined behavior (possono crashare):");
call    0 never executed
    #####:  202:    { int x; printf("[UB1] non init = %d\n", x); }
call    0 never executed
    #####:  203:    { int m = INT_MAX; m = m + 1; printf("[UB2] overflow signed = %d\n", m); }
call    0 never executed
    #####:  204:    { int a[1] = {0}; a[1] = 123; printf("[UB3] out-of-bounds write fatto\n"); }
call    0 never executed
    #####:  205:    { char *p = (char*)malloc(4); if(p){ strcpy(p, "Hi"); } free(p); p[0]='X'; printf("[UB4] use-after-free\n"); }
branch  0 never executed (fallthrough)
branch  1 never executed
call    2 never executed
    #####:  206:    { char *s = "ciao"; s[0]='C'; printf("[UB5] literal modificato: %s\n", s); }
call    0 never executed
    #####:  207:    { char buf[]="abcdef"; memcpy(buf+1, buf, 5); printf("[UB6] memcpy overlap: %s\n", buf); }
call    0 never executed
    #####:  208:    { int i=0; float *fp=(float*)&i; *fp=1.0f; printf("[UB7] strict-aliasing violato, i=%d\n", i); }
call    0 never executed
    #####:  209:    { int s=1; int r=s<<31; int t=(-1)>>1; printf("[UB8] shift: r=%d t=%d\n", r, t); }
call    0 never executed
    #####:  210:    puts("[UB] Fine demo\n");
call    0 never executed
    #####:  211:}
        -:  212:
        -:  213:/* helper per unspecified */
function f_side called 0 returned 0% blocks executed 0%
    #####:  214:static int f_side(int *x){ printf("f_side x=%d -> x++\n", *x); return (*x)++; }
call    0 never executed
function g_side called 0 returned 0% blocks executed 0%
    #####:  215:static int g_side(int *x){ printf("g_side x=%d -> ++x\n", *x); return ++(*x); }
call    0 never executed
        -:  216:
        -:  217:/* --- Unspecified Behavior demo --- */
function demo_unspecified called 0 returned 0% blocks executed 0%
    #####:  218:void demo_unspecified(void){
    #####:  219:    puts("\n[UNSPECIFIED] Ordine di valutazione non specificato:");
call    0 never executed
    #####:  220:    { int i=0; int r = f_side(&i) + g_side(&i); printf("[UNSPEC1] r=%d i=%d\n", r, i); }
call    0 never executed
call    1 never executed
call    2 never executed
    #####:  221:    { int i=10, j=20; printf("[UNSPEC2] %d e %d\n", i++, ++j); printf("[UNSPEC2] post i=%d j=%d\n", i, j); }
call    0 never executed
call    1 never executed
    #####:  222:    puts("[UNSPECIFIED] Fine demo\n");
call    0 never executed
    #####:  223:}
        -:  224:
        -:  225:/* --- Mix commenti /* e // --- */
function demo_comment_mix called 0 returned 0% blocks executed 0%
    #####:  226:void demo_comment_mix(void){
    #####:  227:    puts("Demo mix commenti /* e //:");
call    0 never executed
    #####:  228:    printf("[A] Dopo /* ... // ... */ si stampa\n");
call    0 never executed
        -:  229:
    #####:  230:    printf("[B] La riga sopra era // singola riga\n");
call    0 never executed
        -:  231:
        -:  232:#if 0
        -:  233:    printf("Questa potrebbe rompere la build se sopra fosse attivo\n");
        -:  234:#endif
        -:  235:
        -:  236:#if 0
        -:  237:    int y = 0;
        -:  238:#endif
        -:  239:
    #####:  240:    puts("Fine demo mix commenti.");
call    0 never executed
    #####:  241:}
        -:  242:
function menu_choice called 10 returned 100% blocks executed 57%
       10:  243:int menu_choice() {
       10:  244:    int choice = -1;
      10*:  245:    if(scanf("%d", &choice)!=1){ while(getchar()!='\n'); return -1; }
call    0 returned 100%
branch  1 taken 0% (fallthrough)
branch  2 taken 100%
call    3 never executed
branch  4 never executed (fallthrough)
branch  5 never executed
       10:  246:    while(getchar()!='\n');
call    0 returned 100%
branch  1 taken 0% (fallthrough)
branch  2 taken 100%
       10:  247:    return choice;
        -:  248:}
        -:  249:
function print_menu called 10 returned 100% blocks executed 100%
       10:  250:void print_menu(void) {
       10:  251:    puts("\n=== MENU ===");
call    0 returned 100%
       10:  252:    puts("1) Crea utente");
call    0 returned 100%
       10:  253:    puts("2) Login");
call    0 returned 100%
       10:  254:    puts("3) Cancella utente");
call    0 returned 100%
       10:  255:    puts("4) Modifica utente");
call    0 returned 100%
       10:  256:    puts("5) Extra (demo funzione lunga)");
call    0 returned 100%
       10:  257:    puts("6) Demo: Undefined Behavior (pericoloso)");
call    0 returned 100%
       10:  258:    puts("7) Demo: Unspecified Behavior");
call    0 returned 100%
       10:  259:    puts("8) Demo mix commenti /* e //");
call    0 returned 100%
       10:  260:    puts("0) Esci");
call    0 returned 100%
       10:  261:    printf("Scelta: "); 
call    0 returned 100%
       10:  262:}
        -:  263:
function select_operation called 10 returned 100% blocks executed 71%
       10:  264:int select_operation(int choice) {
       10:  265:    switch(choice){
branch  0 taken 20%
branch  1 taken 10%
branch  2 taken 10%
branch  3 taken 40%
branch  4 taken 10%
branch  5 taken 0%
branch  6 taken 0%
branch  7 taken 0%
branch  8 taken 10%
branch  9 taken 0%
        2:  266:      case 1: crea_utente(); break;
call    0 returned 100%
        1:  267:      case 2: effettua_login(); break;
call    0 returned 100%
        1:  268:      case 3: cancella_utente(); break;
call    0 returned 100%
        4:  269:      case 4: modifica_utente(); break;
call    0 returned 100%
        1:  270:      case 5: funzione_lunga(); break;
call    0 returned 100%
    #####:  271:      case 6: demo_ub(); break;
call    0 never executed
    #####:  272:      case 7: demo_unspecified(); break;
call    0 never executed
    #####:  273:      case 8: demo_comment_mix(); break;
call    0 never executed
        1:  274:      case 0: puts("Bye."); return 0;
call    0 returned 100%
    #####:  275:      default: puts("Scelta non valida.");
call    0 never executed
        -:  276:    }
        9:  277:    return 1;
        -:  278:}
        -:  279:
        -:  280:
function main called 1 returned 100% blocks executed 79%
        1:  281:int main(void){
        -:  282:
        -:  283:    /* long con suffisso minuscolo 'l' */
        1:  284:    long badLong1 = 5l;
        1:  285:    long badLong2 = 123456789l;
        1:  286:    long badLong3 = -42l;
        -:  287:
        1:  288:    if(auth_init(DB_PATH) != 0){
call    0 returned 100%
branch  1 taken 100% (fallthrough)
branch  2 taken 0%
    #####:  289:        puts("[FATAL] Impossibile inizializzare il database");
call    0 never executed
    #####:  290:        return 1;
        -:  291:    }
        -:  292:
        9:  293:    for(;;){
       10:  294:        print_menu();
call    0 returned 100%
       10:  295:        int choice = menu_choice();
call    0 returned 100%
      10*:  296:        if (choice == -1) {
branch  0 taken 0% (fallthrough)
branch  1 taken 100%
    #####:  297:          continue;
        -:  298:        }
        -:  299:
       10:  300:        int ret = select_operation(choice);
call    0 returned 100%
       10:  301:        if (ret == 0) {
branch  0 taken 10% (fallthrough)
branch  1 taken 90%
        1:  302:          return 0;
        -:  303:        }
        -:  304:    }
        -:  305:}
